<?xml version="1.0" encoding="UTF-8"?>
<!-- Generated by org.testng.reporters.JUnitReportReporter -->
<testsuite hostname="LAPTOP-RVK04CM2" failures="0" tests="5" name="testRunner.Runner" time="97.699" errors="0" timestamp="13 Oct 2024 13:54:53 GMT" skipped="0">
  <testcase classname="testRunner.Runner" name="runScenario" time="18.583"/>
  <testcase classname="testRunner.Runner" name="runScenario" time="18.841"/>
  <testcase classname="testRunner.Runner" name="runScenario" time="18.783"/>
  <testcase classname="testRunner.Runner" name="runScenario" time="23.092"/>
  <testcase classname="testRunner.Runner" name="runScenario" time="18.400"/>
</testsuite> <!-- testRunner.Runner -->
